-------------------------------------------------------------------------------
Test set: com.example.demo.LoginControllerTest
-------------------------------------------------------------------------------
Tests run: 1, Failures: 0, Errors: 1, Skipped: 0, Time elapsed: 0.571 s <<< FAILURE! - in com.example.demo.LoginControllerTest
ログイン画面表示(com.example.demo.LoginControllerTest)  Time elapsed: 0.001 s  <<< ERROR!
java.lang.IllegalStateException: Failed to load ApplicationContext
Caused by: org.springframework.beans.factory.UnsatisfiedDependencyException: 
Error creating bean with name 'securityConfig': Unsatisfied dependency expressed through field 'dataSource'; nested exception is org.springframework.beans.factory.BeanCreationException: Error creating bean with name 'dataSource' defined in class path resource [org/springframework/boot/autoconfigure/jdbc/DataSourceConfiguration$Hikari.class]: Initialization of bean failed; nested exception is org.springframework.beans.factory.BeanCreationException: Error creating bean with name 'org.springframework.boot.autoconfigure.jdbc.DataSourceInitializerInvoker': Invocation of init method failed; nested exception is org.springframework.jdbc.datasource.init.ScriptStatementFailedException: Failed to execute SQL script statement #1 of class path resource [data.sql]: INSERT INTO employee (employee_id, employee_name, age) VALUES(1, '山田太郎', 30); nested exception is org.h2.jdbc.JdbcSQLException: Unique index or primary key violation: "PRIMARY KEY ON PUBLIC.EMPLOYEE(EMPLOYEE_ID)"; SQL statement:
INSERT INTO employee (employee_id, employee_name, age) VALUES(1, '山田太郎', 30) [23505-197]
Caused by: org.springframework.beans.factory.BeanCreationException: 
Error creating bean with name 'dataSource' defined in class path resource [org/springframework/boot/autoconfigure/jdbc/DataSourceConfiguration$Hikari.class]: Initialization of bean failed; nested exception is org.springframework.beans.factory.BeanCreationException: Error creating bean with name 'org.springframework.boot.autoconfigure.jdbc.DataSourceInitializerInvoker': Invocation of init method failed; nested exception is org.springframework.jdbc.datasource.init.ScriptStatementFailedException: Failed to execute SQL script statement #1 of class path resource [data.sql]: INSERT INTO employee (employee_id, employee_name, age) VALUES(1, '山田太郎', 30); nested exception is org.h2.jdbc.JdbcSQLException: Unique index or primary key violation: "PRIMARY KEY ON PUBLIC.EMPLOYEE(EMPLOYEE_ID)"; SQL statement:
INSERT INTO employee (employee_id, employee_name, age) VALUES(1, '山田太郎', 30) [23505-197]
Caused by: org.springframework.beans.factory.BeanCreationException: 
Error creating bean with name 'org.springframework.boot.autoconfigure.jdbc.DataSourceInitializerInvoker': Invocation of init method failed; nested exception is org.springframework.jdbc.datasource.init.ScriptStatementFailedException: Failed to execute SQL script statement #1 of class path resource [data.sql]: INSERT INTO employee (employee_id, employee_name, age) VALUES(1, '山田太郎', 30); nested exception is org.h2.jdbc.JdbcSQLException: Unique index or primary key violation: "PRIMARY KEY ON PUBLIC.EMPLOYEE(EMPLOYEE_ID)"; SQL statement:
INSERT INTO employee (employee_id, employee_name, age) VALUES(1, '山田太郎', 30) [23505-197]
Caused by: org.springframework.jdbc.datasource.init.ScriptStatementFailedException: 
Failed to execute SQL script statement #1 of class path resource [data.sql]: INSERT INTO employee (employee_id, employee_name, age) VALUES(1, '山田太郎', 30); nested exception is org.h2.jdbc.JdbcSQLException: Unique index or primary key violation: "PRIMARY KEY ON PUBLIC.EMPLOYEE(EMPLOYEE_ID)"; SQL statement:
INSERT INTO employee (employee_id, employee_name, age) VALUES(1, '山田太郎', 30) [23505-197]
Caused by: org.h2.jdbc.JdbcSQLException: 
Unique index or primary key violation: "PRIMARY KEY ON PUBLIC.EMPLOYEE(EMPLOYEE_ID)"; SQL statement:
INSERT INTO employee (employee_id, employee_name, age) VALUES(1, '山田太郎', 30) [23505-197]

